<?xml version="1.0" encoding="UTF-8"?>
<!-- Generated by org.testng.reporters.JUnitXMLReporter -->
<testsuite ignored="2" hostname="DESKTOP-5NNVCSS" failures="0" tests="2" name="Minimal Test" time="62.117" errors="0" timestamp="24 Jul 2022 12:59:59 GMT">
  <testcase classname="org.rahulshettyacademy.GeneralStores1Test" name="FirstTest" time="21.139"/>
  <testcase classname="org.rahulshettyacademy.GeneralStores3Test" name="AnotherotherTest" time="0.008"/>
  <testcase classname="org.rahulshettyacademy.GeneralStores2Test" name="SecondTest" time="0.0">
    <ignored/>
  </testcase> <!-- SecondTest -->
  <testcase classname="org.rahulshettyacademy.GeneralStores1Test" name="AnotherTest" time="0.0">
    <ignored/>
  </testcase> <!-- AnotherTest -->
</testsuite> <!-- Minimal Test -->
