<?xml version="1.0" encoding="UTF-8"?>
<testng-results ignored="2" total="4" passed="2" failed="0" skipped="0">
  <reporter-output>
  </reporter-output>
  <suite started-at="2022-07-24T12:58:57Z" name="Suite" finished-at="2022-07-24T12:59:59Z" duration-ms="62117">
    <groups>
      <group name="Smoke">
        <method signature="GeneralStores1Test.FirstTest(java.util.HashMap)[pri:0, instance:org.rahulshettyacademy.GeneralStores1Test@4b213651]" name="FirstTest" class="org.rahulshettyacademy.GeneralStores1Test"/>
        <method signature="GeneralStores3Test.AnotherotherTest()[pri:0, instance:org.rahulshettyacademy.GeneralStores3Test@4241e0f4]" name="AnotherotherTest" class="org.rahulshettyacademy.GeneralStores3Test"/>
      </group> <!-- Smoke -->
    </groups>
    <test started-at="2022-07-24T12:58:57Z" name="Minimal Test" finished-at="2022-07-24T12:59:59Z" duration-ms="62117">
      <class name="org.rahulshettyacademy.GeneralStores1Test">
        <test-method is-config="true" signature="AppiumConfigure()[pri:0, instance:org.rahulshettyacademy.GeneralStores1Test@4b213651]" started-at="2022-07-24T12:58:57Z" name="AppiumConfigure" finished-at="2022-07-24T12:59:36Z" duration-ms="39346" status="PASS">
          <reporter-output>
          </reporter-output>
        </test-method> <!-- AppiumConfigure -->
        <test-method signature="FirstTest(java.util.HashMap)[pri:0, instance:org.rahulshettyacademy.GeneralStores1Test@4b213651]" started-at="2022-07-24T12:59:37Z" name="FirstTest" data-provider="getData" finished-at="2022-07-24T12:59:58Z" duration-ms="21139" status="PASS">
          <params>
            <param index="0">
              <value>
                <![CDATA[{name=Adarsha R, country=Austria, sex=Male}]]>
              </value>
            </param>
          </params>
          <reporter-output>
          </reporter-output>
        </test-method> <!-- FirstTest -->
        <test-method is-config="true" signature="tearDown()[pri:0, instance:org.rahulshettyacademy.GeneralStores1Test@4b213651]" started-at="2022-07-24T12:59:58Z" name="tearDown" finished-at="2022-07-24T12:59:59Z" duration-ms="721" status="PASS">
          <reporter-output>
          </reporter-output>
        </test-method> <!-- tearDown -->
      </class> <!-- org.rahulshettyacademy.GeneralStores1Test -->
      <class name="org.rahulshettyacademy.GeneralStores3Test">
        <test-method signature="AnotherotherTest()[pri:0, instance:org.rahulshettyacademy.GeneralStores3Test@4241e0f4]" started-at="2022-07-24T12:59:59Z" name="AnotherotherTest" finished-at="2022-07-24T12:59:59Z" duration-ms="8" status="PASS">
          <reporter-output>
          </reporter-output>
        </test-method> <!-- AnotherotherTest -->
      </class> <!-- org.rahulshettyacademy.GeneralStores3Test -->
    </test> <!-- Minimal Test -->
  </suite> <!-- Suite -->
</testng-results>
